[INFO ] 2024-02-11 12:18:44.272 [main] Log - Test Started
[ERROR] 2024-02-11 12:18:44.278 [main] Log - Test Failed
[INFO ] 2024-02-11 12:23:53.315 [main] Log - demo-jat-maven test start method
[INFO ] 2024-02-11 12:23:58.111 [main] Log - textBoxTest test is starting
[INFO ] 2024-02-11 12:23:58.306 [main] Log - textBoxTest test is failed
[INFO ] 2024-02-11 12:23:59.237 [main] Log - demo-jat-maven test finish method
[INFO ] 2024-02-11 12:41:16.462 [main] Log - demo-jat-maven test start method
[INFO ] 2024-02-11 12:41:22.938 [main] Log - textBoxTest test is starting
[INFO ] 2024-02-11 12:41:23.693 [main] Log - textBoxTest test is starting
[INFO ] 2024-02-11 12:41:24.162 [main] Log - textBoxTest test is starting
[INFO ] 2024-02-11 12:41:24.165 [main] Log - textBoxTest test is failed
[INFO ] 2024-02-11 12:41:25.255 [main] Log - demo-jat-maven test finish method
[INFO ] 2024-02-11 13:17:24.266 [TestNG-tests-1] Log - Chrome Tests test start method
[INFO ] 2024-02-11 13:17:24.266 [TestNG-tests-2] Log - Firefox Tests test start method
[INFO ] 2024-02-11 13:17:32.207 [TestNG-tests-1] Log - textBoxTest test is starting
[INFO ] 2024-02-11 13:17:34.113 [TestNG-tests-1] Log - textBoxTest test is starting
[INFO ] 2024-02-11 13:17:34.957 [TestNG-tests-1] Log - textBoxTest test is starting
[INFO ] 2024-02-11 13:17:34.959 [TestNG-tests-1] Log - textBoxTest test is failed
[INFO ] 2024-02-11 13:17:37.450 [TestNG-tests-1] Log - Chrome Tests test finish method
[INFO ] 2024-02-11 13:17:37.716 [TestNG-tests-2] Log - textBoxTest test is starting
[INFO ] 2024-02-11 13:17:38.526 [TestNG-tests-2] Log - textBoxTest test is starting
[INFO ] 2024-02-11 13:17:39.214 [TestNG-tests-2] Log - textBoxTest test is starting
[INFO ] 2024-02-11 13:17:39.221 [TestNG-tests-2] Log - textBoxTest test is failed
[INFO ] 2024-02-11 13:17:43.862 [TestNG-tests-2] Log - Firefox Tests test finish method
